<?xml version="1.0" encoding="UTF-8"?>
<!-- Generated by org.testng.reporters.JUnitReportReporter -->
<testsuite hostname="TOR7JB7ZD3" failures="0" tests="1" name="Mazda.Mazda" time="53.134" errors="0" timestamp="2023-10-04T14:08:18 EDT" skipped="0">
  <testcase classname="Mazda.Mazda" name="firsttest" time="53.134"/>
  <system-out/>
</testsuite> <!-- Mazda.Mazda -->
