<?xml version="1.0" encoding="UTF-8"?>
<!-- Generated by org.testng.reporters.JUnitReportReporter -->
<testsuite hostname="TOR7JB7ZD3" failures="0" tests="1" name="Mazda.Mazda" time="51.115" errors="0" timestamp="2023-10-06T13:33:13 EDT" skipped="0">
  <testcase classname="Mazda.Mazda" name="firsttest" time="51.115"/>
  <system-out/>
</testsuite> <!-- Mazda.Mazda -->
